2026-04-07 18:08:25 - POST Data: Array
(
    [appointment_date] => 2026-04-07
    [first_name] => Tony
    [last_name] => Dent
    [customer_phone] => 09789456123
    [customer_email] => email@email.com
    [customer_address] => Tay Ac, Bantay, Ilocos Sur
    [employee_id] => 6
    [service_id] => 6
    [appointment_time] => 09:00
    [purpose] => 
)

Parsed Data: first_name=Tony, last_name=Dent, phone=09789456123, date=2026-04-07, time=09:00
Existing customer found: ID 2
Inserting appointment: INSERT INTO appointments (customer_id, employee_id, appointment_date, appointment_time, purpose, status, created_at) 
                          VALUES ('2', '6', '2026-04-07', '09:00', '', 'pending', NOW())
Appointment created: ID 6
Inserting service: INSERT INTO customer_services (customer_id, service_id, appointment_id) 
                          VALUES ('2', '6', '6')
SUCCESS: Booking completed
